<?xml version="1.0" encoding="UTF-8"?>
<testng-results ignored="0" total="1" passed="1" failed="0" skipped="0">
  <reporter-output>
  </reporter-output>
  <suite started-at="2025-03-18T14:39:05 IST" name="SauceDemoSuite" finished-at="2025-03-18T14:39:09 IST" duration-ms="3354">
    <groups>
    </groups>
    <test started-at="2025-03-18T14:39:05 IST" name="LoginTest" finished-at="2025-03-18T14:39:09 IST" duration-ms="3354">
      <class name="com.saucedemo.tests.LoginTest">
        <test-method is-config="true" signature="setup()[pri:0, instance:com.saucedemo.tests.LoginTest@76505305]" started-at="2025-03-18T14:39:05 IST" name="setup" finished-at="2025-03-18T14:39:08 IST" duration-ms="2705" status="PASS">
          <reporter-output>
          </reporter-output>
        </test-method> <!-- setup -->
        <test-method signature="loginTest()[pri:0, instance:com.saucedemo.tests.LoginTest@76505305]" started-at="2025-03-18T14:39:08 IST" name="loginTest" finished-at="2025-03-18T14:39:08 IST" duration-ms="236" status="PASS">
          <reporter-output>
          </reporter-output>
        </test-method> <!-- loginTest -->
        <test-method is-config="true" signature="teardown()[pri:0, instance:com.saucedemo.tests.LoginTest@76505305]" started-at="2025-03-18T14:39:08 IST" name="teardown" finished-at="2025-03-18T14:39:09 IST" duration-ms="379" status="PASS">
          <reporter-output>
          </reporter-output>
        </test-method> <!-- teardown -->
      </class> <!-- com.saucedemo.tests.LoginTest -->
    </test> <!-- LoginTest -->
  </suite> <!-- SauceDemoSuite -->
</testng-results>
